This is pdfTeXk, Version 3.141592-1.40.3 (Web2C 7.5.6) (format=latex 2010.6.15)  24 JUN 2010 09:31
entering extended mode
 %&-line parsing enabled.
**./images.tex
(./images.tex
LaTeX2e <2005/12/01>
Babel <v3.8h> and hyphenation patterns for english, usenglishmax, dumylang, noh
yphenation, basque, french, loaded.

(/usr/share/texmf-texlive/tex/latex/base/article.cls
Document Class: article 2005/09/16 v1.4f Standard LaTeX document class
(/usr/share/texmf-texlive/tex/latex/base/size12.clo
File: size12.clo 2005/09/16 v1.4f Standard LaTeX file (size option)
)
\c@part=\count79
\c@section=\count80
\c@subsection=\count81
\c@subsubsection=\count82
\c@paragraph=\count83
\c@subparagraph=\count84
\c@figure=\count85
\c@table=\count86
\abovecaptionskip=\skip41
\belowcaptionskip=\skip42
\bibindent=\dimen102
) (/usr/share/texmf-texlive/tex/latex/base/ifthen.sty
Package: ifthen 2001/05/26 v1.1c Standard LaTeX ifthen package (DPC)
) (/usr/share/texmf-texlive/tex/latex/floatflt/floatflt.sty
Package: floatflt 1997/07/16 v. 1.31
\c@OptionTest=\count87
\figbox=\box26
\tabbox=\box27
\pagebox=\box28
\ffigcount=\count88
\ftabcount=\count89
\fftest=\count90
\hangcount=\count91
\nosuccesstryfig=\count92
\nosuccesstrytab=\count93
\figgutter=\dimen103
\tabgutter=\dimen104
\htdone=\dimen105
\pageht=\dimen106
\startpageht=\dimen107
\tabbredd=\dimen108
\floatfltwidth=\dimen109
\fltitemwidth=\dimen110
\outputpretest=\toks14
) (/usr/share/texmf-texlive/tex/latex/graphics/graphicx.sty
Package: graphicx 1999/02/16 v1.0f Enhanced LaTeX Graphics (DPC,SPQR)
(/usr/share/texmf-texlive/tex/latex/graphics/keyval.sty
Package: keyval 1999/03/16 v1.13 key=value parser (DPC)
\KV@toks@=\toks15
) (/usr/share/texmf-texlive/tex/latex/graphics/graphics.sty
Package: graphics 2006/02/20 v1.0o Standard LaTeX Graphics (DPC,SPQR)
(/usr/share/texmf-texlive/tex/latex/graphics/trig.sty
Package: trig 1999/03/16 v1.09 sin cos tan (DPC)
) (/etc/texmf/tex/latex/config/graphics.cfg
File: graphics.cfg 2007/01/18 v1.5 graphics configuration of teTeX/TeXLive
)
Package graphics Info: Driver file: dvips.def on input line 90.
(/usr/share/texmf-texlive/tex/latex/graphics/dvips.def
File: dvips.def 1999/02/16 v3.0i Driver-dependant file (DPC,SPQR)
))
\Gin@req@height=\dimen111
\Gin@req@width=\dimen112
) (/usr/share/texmf/tex/latex/html/html.sty
Package: html 1999/07/19 v1.38 hypertext commands for latex2html (nd, hws, rrm)

\c@lpart=\count94
\c@lchapter=\count95
\c@chapter=\count96
\c@lsection=\count97
\c@lsubsection=\count98
\c@lsubsubsection=\count99
\c@lparagraph=\count100
\c@lsubparagraph=\count101
\c@lsubsubparagraph=\count102
\ptrfile=\write3
) (/usr/share/texmf-texlive/tex/latex/amsmath/amsmath.sty
Package: amsmath 2000/07/18 v2.13 AMS math features
\@mathmargin=\skip43
For additional information on amsmath, use the `?' option.
(/usr/share/texmf-texlive/tex/latex/amsmath/amstext.sty
Package: amstext 2000/06/29 v2.01
(/usr/share/texmf-texlive/tex/latex/amsmath/amsgen.sty
File: amsgen.sty 1999/11/30 v2.0
\@emptytoks=\toks16
\ex@=\dimen113
)) (/usr/share/texmf-texlive/tex/latex/amsmath/amsbsy.sty
Package: amsbsy 1999/11/29 v1.2d
\pmbraise@=\dimen114
) (/usr/share/texmf-texlive/tex/latex/amsmath/amsopn.sty
Package: amsopn 1999/12/14 v2.01 operator names
)
\inf@bad=\count103
LaTeX Info: Redefining \frac on input line 211.
\uproot@=\count104
\leftroot@=\count105
LaTeX Info: Redefining \overline on input line 307.
\classnum@=\count106
\DOTSCASE@=\count107
LaTeX Info: Redefining \ldots on input line 379.
LaTeX Info: Redefining \dots on input line 382.
LaTeX Info: Redefining \cdots on input line 467.
\Mathstrutbox@=\box29
\strutbox@=\box30
\big@size=\dimen115
LaTeX Font Info:    Redeclaring font encoding OML on input line 567.
LaTeX Font Info:    Redeclaring font encoding OMS on input line 568.
\macc@depth=\count108
\c@MaxMatrixCols=\count109
\dotsspace@=\muskip10
\c@parentequation=\count110
\dspbrk@lvl=\count111
\tag@help=\toks17
\row@=\count112
\column@=\count113
\maxfields@=\count114
\andhelp@=\toks18
\eqnshift@=\dimen116
\alignsep@=\dimen117
\tagshift@=\dimen118
\tagwidth@=\dimen119
\totwidth@=\dimen120
\lineht@=\dimen121
\@envbody=\toks19
\multlinegap=\skip44
\multlinetaggap=\skip45
\mathdisplay@stack=\toks20
LaTeX Info: Redefining \[ on input line 2666.
LaTeX Info: Redefining \] on input line 2667.
) (/usr/share/texmf-texlive/tex/latex/tools/multicol.sty
Package: multicol 2006/05/18 v1.6g multicolumn formatting (FMi)
\c@tracingmulticols=\count115
\mult@box=\box31
\multicol@leftmargin=\dimen122
\c@unbalance=\count116
\c@collectmore=\count117
\doublecol@number=\count118
\multicoltolerance=\count119
\multicolpretolerance=\count120
\full@width=\dimen123
\page@free=\dimen124
\premulticols=\dimen125
\postmulticols=\dimen126
\multicolsep=\skip46
\multicolbaselineskip=\skip47
\partial@page=\box32
\last@line=\box33
\mult@rightbox=\box34
\mult@grightbox=\box35
\mult@gfirstbox=\box36
\mult@firstbox=\box37
\@tempa=\box38
\@tempa=\box39
\@tempa=\box40
\@tempa=\box41
\@tempa=\box42
\@tempa=\box43
\@tempa=\box44
\@tempa=\box45
\@tempa=\box46
\@tempa=\box47
\@tempa=\box48
\@tempa=\box49
\@tempa=\box50
\@tempa=\box51
\@tempa=\box52
\@tempa=\box53
\@tempa=\box54
\c@columnbadness=\count121
\c@finalcolumnbadness=\count122
\last@try=\dimen127
\multicolovershoot=\dimen128
\multicolundershoot=\dimen129
\mult@nat@firstbox=\box55
\colbreak@box=\box56
) (/usr/share/texmf-texlive/tex/latex/graphics/color.sty
Package: color 2005/11/14 v1.0j Standard LaTeX Color (DPC)
(/etc/texmf/tex/latex/config/color.cfg
File: color.cfg 2007/01/18 v1.5 color configuration of teTeX/TeXLive
)
Package color Info: Driver file: dvips.def on input line 130.
(/usr/share/texmf-texlive/tex/latex/graphics/dvipsnam.def
File: dvipsnam.def 1999/02/16 v3.0i Driver-dependant file (DPC,SPQR)
)) (/usr/share/texmf-texlive/tex/latex/base/inputenc.sty
Package: inputenc 2006/05/05 v1.1b Input encoding file
\inpenc@prehook=\toks21
\inpenc@posthook=\toks22
)
\sizebox=\box57
\lthtmlwrite=\write4
No file images.aux.
\openout1 = `images.aux'.

LaTeX Font Info:    Checking defaults for OML/cmm/m/it on input line 133.
LaTeX Font Info:    ... okay on input line 133.
LaTeX Font Info:    Checking defaults for T1/cmr/m/n on input line 133.
LaTeX Font Info:    ... okay on input line 133.
LaTeX Font Info:    Checking defaults for OT1/cmr/m/n on input line 133.
LaTeX Font Info:    ... okay on input line 133.
LaTeX Font Info:    Checking defaults for OMS/cmsy/m/n on input line 133.
LaTeX Font Info:    ... okay on input line 133.
LaTeX Font Info:    Checking defaults for OMX/cmex/m/n on input line 133.
LaTeX Font Info:    ... okay on input line 133.
LaTeX Font Info:    Checking defaults for U/cmr/m/n on input line 133.
LaTeX Font Info:    ... okay on input line 133.

latex2htmlLength hsize=349.0pt

latex2htmlLength vsize=632.5pt

latex2htmlLength hoffset=0.0pt

latex2htmlLength voffset=0.0pt

latex2htmlLength topmargin=0.0pt

latex2htmlLength topskip=0.00003pt

latex2htmlLength headheight=0.0pt

latex2htmlLength headsep=0.0pt

latex2htmlLength parskip=0.0pt plus 1.0pt

latex2htmlLength oddsidemargin=39.0pt

latex2htmlLength evensidemargin=39.0pt

l2hSize :tex2html_wrap_inline130:8.25pt::8.25pt::10.99529pt.
[1



]
l2hSize :tex2html_wrap_inline132:9.5pt::9.5pt::70.43683pt.
[2


]
l2hSize :tex2html_wrap_inline134:9.51027pt::0.0pt::12.44655pt.
[3


]
l2hSize :tex2html_wrap_inline136:9.5pt::9.5pt::71.60686pt.
[4


]
l2hSize :tex2html_wrap_inline140:8.7pt::8.7pt::12.22089pt.
[5


]
l2hSize :tex2html_wrap_inline142:10.01027pt::10.01027pt::47.97495pt.
[6


]
l2hSize :tex2html_wrap_inline144:9.5pt::9.5pt::146.24413pt.
[7


]
l2hSize :tex2html_wrap_inline146:16.01167pt::16.01167pt::134.53757pt.
[8


]
l2hSize :tex2html_wrap_inline148:10.01027pt::10.01027pt::43.38655pt.
[9


]
l2hSize :tex2html_wrap_indisplay152:16.35141pt::16.35141pt::136.5102pt.
[10


]
l2hSize :tex2html_wrap_inline154:8.25pt::8.25pt::20.52934pt.
[11


]
l2hSize :tex2html_wrap_inline156:9.5pt::9.5pt::35.97356pt.
[12


]
l2hSize :tex2html_wrap_inline158:8.25pt::8.25pt::9.5806pt.
[13


]
l2hSize :tex2html_wrap_inline162:9.5pt::9.5pt::83.43484pt.
[14


]
l2hSize :tex2html_wrap_inline166:9.5pt::9.5pt::31.9576pt.
[15


]
l2hSize :tex2html_wrap_inline168:9.5pt::9.5pt::59.26837pt.
[16


]
l2hSize :tex2html_wrap_inline170:7.75pt::0.0pt::8.13745pt.
[17


]
l2hSize :tex2html_wrap_inline172:8.7pt::8.7pt::46.9911pt.
[18


]
l2hSize :tex2html_wrap_indisplay176:19.23564pt::19.23564pt::294.0984pt.
[19


]
l2hSize :tex2html_wrap_inline178:9.5pt::9.5pt::63.45471pt.
[20


] (./images.aux) ) 
Here is how much of TeX's memory you used:
 1864 strings out of 95064
 22819 string characters out of 1182633
 74523 words of memory out of 1500000
 5064 multiletter control sequences out of 10000+50000
 7050 words of font info for 26 fonts, out of 1200000 for 2000
 28 hyphenation exceptions out of 8191
 27i,5n,20p,225b,155s stack positions out of 5000i,500n,6000p,200000b,5000s

Output written on images.dvi (20 pages, 5836 bytes).
