2003.07.19 14:00 B C:\Documents and Settings\jm7t\Desktop\millerwww\photos\CanyonDeChelly.jpg <-- acoma /home/miller/millerwww/photos CanyonDeChelly.jpg
2003.07.19 14:00 B C:\Documents and Settings\jm7t\Desktop\millerwww\photos\CarlsbadBranch.jpg <-- acoma /home/miller/millerwww/photos CarlsbadBranch.jpg
2003.07.19 14:00 B C:\Documents and Settings\jm7t\Desktop\millerwww\photos\ChacoDoor.jpg <-- acoma /home/miller/millerwww/photos ChacoDoor.jpg
2003.07.19 14:00 B C:\Documents and Settings\jm7t\Desktop\millerwww\photos\ChacoOverlook.jpg <-- acoma /home/miller/millerwww/photos ChacoOverlook.jpg
2003.07.19 14:00 B C:\Documents and Settings\jm7t\Desktop\millerwww\photos\ChacoWindow.jpg <-- acoma /home/miller/millerwww/photos ChacoWindow.jpg
2003.07.19 14:00 B C:\Documents and Settings\jm7t\Desktop\millerwww\photos\MonValley1.jpg <-- acoma /home/miller/millerwww/photos MonValley1.jpg
2003.07.19 14:00 B C:\Documents and Settings\jm7t\Desktop\millerwww\photos\MonValley2.jpg <-- acoma /home/miller/millerwww/photos MonValley2.jpg
2003.07.19 14:00 B C:\Documents and Settings\jm7t\Desktop\millerwww\photos\MuleyPt.jpg <-- acoma /home/miller/millerwww/photos MuleyPt.jpg
2003.07.19 14:00 B C:\Documents and Settings\jm7t\Desktop\millerwww\photos\MuleyPt0.jpg <-- acoma /home/miller/millerwww/photos MuleyPt0.jpg
2003.07.19 14:00 B C:\Documents and Settings\jm7t\Desktop\millerwww\photos\Roswell.jpg <-- acoma /home/miller/millerwww/photos Roswell.jpg
2003.07.19 14:00 B C:\Documents and Settings\jm7t\Desktop\millerwww\photos\thCanyonDeChelly.jpg <-- acoma /home/miller/millerwww/photos thCanyonDeChelly.jpg
2003.07.19 14:00 B C:\Documents and Settings\jm7t\Desktop\millerwww\photos\thCarlsbadBranch.jpg <-- acoma /home/miller/millerwww/photos thCarlsbadBranch.jpg
2003.07.19 14:00 B C:\Documents and Settings\jm7t\Desktop\millerwww\photos\thChacoDoor.jpg <-- acoma /home/miller/millerwww/photos thChacoDoor.jpg
2003.07.19 14:00 B C:\Documents and Settings\jm7t\Desktop\millerwww\photos\thChacoOverlook.jpg <-- acoma /home/miller/millerwww/photos thChacoOverlook.jpg
2003.07.19 14:00 B C:\Documents and Settings\jm7t\Desktop\millerwww\photos\thChacoWindow.jpg <-- acoma /home/miller/millerwww/photos thChacoWindow.jpg
2003.07.19 14:00 B C:\Documents and Settings\jm7t\Desktop\millerwww\photos\thMonValley1.jpg <-- acoma /home/miller/millerwww/photos thMonValley1.jpg
2003.07.19 14:00 B C:\Documents and Settings\jm7t\Desktop\millerwww\photos\thMonValley2.jpg <-- acoma /home/miller/millerwww/photos thMonValley2.jpg
2003.07.19 14:00 B C:\Documents and Settings\jm7t\Desktop\millerwww\photos\thMuleyPt.jpg <-- acoma /home/miller/millerwww/photos thMuleyPt.jpg
2003.07.19 14:00 B C:\Documents and Settings\jm7t\Desktop\millerwww\photos\thRoswell.jpg <-- acoma /home/miller/millerwww/photos thRoswell.jpg
2003.07.19 14:00 B C:\Documents and Settings\jm7t\Desktop\millerwww\photos\Thumbs.db <-- acoma /home/miller/millerwww/photos Thumbs.db
2003.07.19 14:00 B C:\Documents and Settings\jm7t\Desktop\millerwww\photos\thVLA.jpg <-- acoma /home/miller/millerwww/photos thVLA.jpg
2003.07.19 14:00 B C:\Documents and Settings\jm7t\Desktop\millerwww\photos\thWhiteSands.jpg <-- acoma /home/miller/millerwww/photos thWhiteSands.jpg
2003.07.19 14:00 B C:\Documents and Settings\jm7t\Desktop\millerwww\photos\VLA.jpg <-- acoma /home/miller/millerwww/photos VLA.jpg
2003.07.19 14:00 B C:\Documents and Settings\jm7t\Desktop\millerwww\photos\WhiteSands.jpg <-- acoma /home/miller/millerwww/photos WhiteSands.jpg
2003.07.23 20:04 B C:\Documents and Settings\jm7t\Desktop\millerwww\photos\Amar.jpg --> gateway.santafe.edu /home/miller/web2/photos Amar.jpg
2003.07.23 20:05 B C:\Documents and Settings\jm7t\Desktop\millerwww\photos\CanyonDeChelly.jpg --> gateway.santafe.edu /home/miller/web2/photos CanyonDeChelly.jpg
2003.07.23 20:05 B C:\Documents and Settings\jm7t\Desktop\millerwww\photos\CarlsbadBranch.jpg --> gateway.santafe.edu /home/miller/web2/photos CarlsbadBranch.jpg
2003.07.23 20:05 B C:\Documents and Settings\jm7t\Desktop\millerwww\photos\ChacoDoor.jpg --> gateway.santafe.edu /home/miller/web2/photos ChacoDoor.jpg
2003.07.23 20:05 B C:\Documents and Settings\jm7t\Desktop\millerwww\photos\ChacoOverlook.jpg --> gateway.santafe.edu /home/miller/web2/photos ChacoOverlook.jpg
2003.07.23 20:05 B C:\Documents and Settings\jm7t\Desktop\millerwww\photos\ChacoWindow.jpg --> gateway.santafe.edu /home/miller/web2/photos ChacoWindow.jpg
2003.07.23 20:05 B C:\Documents and Settings\jm7t\Desktop\millerwww\photos\Chimayo.jpg --> gateway.santafe.edu /home/miller/web2/photos Chimayo.jpg
2003.07.23 20:05 B C:\Documents and Settings\jm7t\Desktop\millerwww\photos\CrashSite.jpg --> gateway.santafe.edu /home/miller/web2/photos CrashSite.jpg
2003.07.23 20:05 B C:\Documents and Settings\jm7t\Desktop\millerwww\photos\MonValley1.jpg --> gateway.santafe.edu /home/miller/web2/photos MonValley1.jpg
2003.07.23 20:05 B C:\Documents and Settings\jm7t\Desktop\millerwww\photos\MonValley2.jpg --> gateway.santafe.edu /home/miller/web2/photos MonValley2.jpg
2003.07.23 20:05 B C:\Documents and Settings\jm7t\Desktop\millerwww\photos\MuleyPt.jpg --> gateway.santafe.edu /home/miller/web2/photos MuleyPt.jpg
2003.07.23 20:05 B C:\Documents and Settings\jm7t\Desktop\millerwww\photos\MuleyPt0.jpg --> gateway.santafe.edu /home/miller/web2/photos MuleyPt0.jpg
2003.07.23 20:05 B C:\Documents and Settings\jm7t\Desktop\millerwww\photos\RanchoDeTaos.jpg --> gateway.santafe.edu /home/miller/web2/photos RanchoDeTaos.jpg
2003.07.23 20:05 B C:\Documents and Settings\jm7t\Desktop\millerwww\photos\Roswell.jpg --> gateway.santafe.edu /home/miller/web2/photos Roswell.jpg
2003.07.23 20:05 B C:\Documents and Settings\jm7t\Desktop\millerwww\photos\Shaky.jpg --> gateway.santafe.edu /home/miller/web2/photos Shaky.jpg
2003.07.23 20:05 B C:\Documents and Settings\jm7t\Desktop\millerwww\photos\Shidoni.jpg --> gateway.santafe.edu /home/miller/web2/photos Shidoni.jpg
2003.07.23 20:05 B C:\Documents and Settings\jm7t\Desktop\millerwww\photos\SunFlower.jpg --> gateway.santafe.edu /home/miller/web2/photos SunFlower.jpg
2003.07.23 20:05 B C:\Documents and Settings\jm7t\Desktop\millerwww\photos\SunFlower2.jpg --> gateway.santafe.edu /home/miller/web2/photos SunFlower2.jpg
2003.07.23 20:05 B C:\Documents and Settings\jm7t\Desktop\millerwww\photos\SunRise.jpg --> gateway.santafe.edu /home/miller/web2/photos SunRise.jpg
2003.07.23 20:05 B C:\Documents and Settings\jm7t\Desktop\millerwww\photos\SunSet.jpg --> gateway.santafe.edu /home/miller/web2/photos SunSet.jpg
2003.07.23 20:05 B C:\Documents and Settings\jm7t\Desktop\millerwww\photos\thAmar.jpg --> gateway.santafe.edu /home/miller/web2/photos thAmar.jpg
2003.07.23 20:05 B C:\Documents and Settings\jm7t\Desktop\millerwww\photos\thCanyonDeChelly.jpg --> gateway.santafe.edu /home/miller/web2/photos thCanyonDeChelly.jpg
2003.07.23 20:05 B C:\Documents and Settings\jm7t\Desktop\millerwww\photos\thCarlsbadBranch.jpg --> gateway.santafe.edu /home/miller/web2/photos thCarlsbadBranch.jpg
2003.07.23 20:05 B C:\Documents and Settings\jm7t\Desktop\millerwww\photos\thChacoDoor.jpg --> gateway.santafe.edu /home/miller/web2/photos thChacoDoor.jpg
2003.07.23 20:05 B C:\Documents and Settings\jm7t\Desktop\millerwww\photos\thChacoOverlook.jpg --> gateway.santafe.edu /home/miller/web2/photos thChacoOverlook.jpg
2003.07.23 20:05 B C:\Documents and Settings\jm7t\Desktop\millerwww\photos\thChacoWindow.jpg --> gateway.santafe.edu /home/miller/web2/photos thChacoWindow.jpg
2003.07.23 20:05 B C:\Documents and Settings\jm7t\Desktop\millerwww\photos\thChimayo.jpg --> gateway.santafe.edu /home/miller/web2/photos thChimayo.jpg
2003.07.23 20:05 B C:\Documents and Settings\jm7t\Desktop\millerwww\photos\thCrashSite.jpg --> gateway.santafe.edu /home/miller/web2/photos thCrashSite.jpg
2003.07.23 20:05 B C:\Documents and Settings\jm7t\Desktop\millerwww\photos\thMonValley1.jpg --> gateway.santafe.edu /home/miller/web2/photos thMonValley1.jpg
2003.07.23 20:05 B C:\Documents and Settings\jm7t\Desktop\millerwww\photos\thMonValley2.jpg --> gateway.santafe.edu /home/miller/web2/photos thMonValley2.jpg
2003.07.23 20:05 B C:\Documents and Settings\jm7t\Desktop\millerwww\photos\thMuleyPt.jpg --> gateway.santafe.edu /home/miller/web2/photos thMuleyPt.jpg
2003.07.23 20:05 B C:\Documents and Settings\jm7t\Desktop\millerwww\photos\thRanchoDeTaos.jpg --> gateway.santafe.edu /home/miller/web2/photos thRanchoDeTaos.jpg
2003.07.23 20:05 B C:\Documents and Settings\jm7t\Desktop\millerwww\photos\thRoswell.jpg --> gateway.santafe.edu /home/miller/web2/photos thRoswell.jpg
2003.07.23 20:05 B C:\Documents and Settings\jm7t\Desktop\millerwww\photos\thShaky.jpg --> gateway.santafe.edu /home/miller/web2/photos thShaky.jpg
2003.07.23 20:05 B C:\Documents and Settings\jm7t\Desktop\millerwww\photos\thShidoni.jpg --> gateway.santafe.edu /home/miller/web2/photos thShidoni.jpg
2003.07.23 20:05 B C:\Documents and Settings\jm7t\Desktop\millerwww\photos\thSunFlower.jpg --> gateway.santafe.edu /home/miller/web2/photos thSunFlower.jpg
2003.07.23 20:05 B C:\Documents and Settings\jm7t\Desktop\millerwww\photos\thSunFlower2.jpg --> gateway.santafe.edu /home/miller/web2/photos thSunFlower2.jpg
2003.07.23 20:05 B C:\Documents and Settings\jm7t\Desktop\millerwww\photos\thSunRise.jpg --> gateway.santafe.edu /home/miller/web2/photos thSunRise.jpg
2003.07.23 20:05 B C:\Documents and Settings\jm7t\Desktop\millerwww\photos\thSunSet.jpg --> gateway.santafe.edu /home/miller/web2/photos thSunSet.jpg
2003.07.23 20:05 B C:\Documents and Settings\jm7t\Desktop\millerwww\photos\Thumbs.db --> gateway.santafe.edu /home/miller/web2/photos Thumbs.db
2003.07.23 20:05 B C:\Documents and Settings\jm7t\Desktop\millerwww\photos\thVLA.jpg --> gateway.santafe.edu /home/miller/web2/photos thVLA.jpg
2003.07.23 20:05 B C:\Documents and Settings\jm7t\Desktop\millerwww\photos\thWhiteSands.jpg --> gateway.santafe.edu /home/miller/web2/photos thWhiteSands.jpg
2003.07.23 20:05 B C:\Documents and Settings\jm7t\Desktop\millerwww\photos\VLA.jpg --> gateway.santafe.edu /home/miller/web2/photos VLA.jpg
2003.07.23 20:05 B C:\Documents and Settings\jm7t\Desktop\millerwww\photos\WhiteSands.jpg --> gateway.santafe.edu /home/miller/web2/photos WhiteSands.jpg
