2004.07.21 08:19 B C:\Documents and Settings\John Miller\Desktop\homework04\3\pics_pict\._.DS_Store --> acoma.hss.cmu.edu /home/miller/temp/homework04/3/pics_pict ._.DS_Store
2004.07.21 08:19 B C:\Documents and Settings\John Miller\Desktop\homework04\3\pics_pict\._baseline --> acoma.hss.cmu.edu /home/miller/temp/homework04/3/pics_pict ._baseline
2004.07.21 08:19 B C:\Documents and Settings\John Miller\Desktop\homework04\3\pics_pict\._baseline_quad --> acoma.hss.cmu.edu /home/miller/temp/homework04/3/pics_pict ._baseline_quad
2004.07.21 08:19 B C:\Documents and Settings\John Miller\Desktop\homework04\3\pics_pict\._headwind --> acoma.hss.cmu.edu /home/miller/temp/homework04/3/pics_pict ._headwind
2004.07.21 08:19 B C:\Documents and Settings\John Miller\Desktop\homework04\3\pics_pict\._headwind_quad --> acoma.hss.cmu.edu /home/miller/temp/homework04/3/pics_pict ._headwind_quad
2004.07.21 08:19 B C:\Documents and Settings\John Miller\Desktop\homework04\3\pics_pict\._leader --> acoma.hss.cmu.edu /home/miller/temp/homework04/3/pics_pict ._leader
2004.07.21 08:19 B C:\Documents and Settings\John Miller\Desktop\homework04\3\pics_pict\._leader_quad --> acoma.hss.cmu.edu /home/miller/temp/homework04/3/pics_pict ._leader_quad
2004.07.21 08:19 B C:\Documents and Settings\John Miller\Desktop\homework04\3\pics_pict\._overtake --> acoma.hss.cmu.edu /home/miller/temp/homework04/3/pics_pict ._overtake
2004.07.21 08:19 B C:\Documents and Settings\John Miller\Desktop\homework04\3\pics_pict\._overtake_quad --> acoma.hss.cmu.edu /home/miller/temp/homework04/3/pics_pict ._overtake_quad
2004.07.21 08:19 B C:\Documents and Settings\John Miller\Desktop\homework04\3\pics_pict\._tailwind --> acoma.hss.cmu.edu /home/miller/temp/homework04/3/pics_pict ._tailwind
2004.07.21 08:19 B C:\Documents and Settings\John Miller\Desktop\homework04\3\pics_pict\._tailwind_quad --> acoma.hss.cmu.edu /home/miller/temp/homework04/3/pics_pict ._tailwind_quad
2004.07.21 08:19 B C:\Documents and Settings\John Miller\Desktop\homework04\3\pics_pict\._variablewind --> acoma.hss.cmu.edu /home/miller/temp/homework04/3/pics_pict ._variablewind
2004.07.21 08:19 B C:\Documents and Settings\John Miller\Desktop\homework04\3\pics_pict\._variablewind_conditions --> acoma.hss.cmu.edu /home/miller/temp/homework04/3/pics_pict ._variablewind_conditions
2004.07.21 08:19 B C:\Documents and Settings\John Miller\Desktop\homework04\3\pics_pict\._variablewind_quad --> acoma.hss.cmu.edu /home/miller/temp/homework04/3/pics_pict ._variablewind_quad
2004.07.21 08:19 B C:\Documents and Settings\John Miller\Desktop\homework04\3\pics_pict\.DS_Store --> acoma.hss.cmu.edu /home/miller/temp/homework04/3/pics_pict .DS_Store
2004.07.21 08:19 B C:\Documents and Settings\John Miller\Desktop\homework04\3\pics_pict\baseline --> acoma.hss.cmu.edu /home/miller/temp/homework04/3/pics_pict baseline
2004.07.21 08:19 B C:\Documents and Settings\John Miller\Desktop\homework04\3\pics_pict\baseline_quad --> acoma.hss.cmu.edu /home/miller/temp/homework04/3/pics_pict baseline_quad
2004.07.21 08:19 B C:\Documents and Settings\John Miller\Desktop\homework04\3\pics_pict\headwind --> acoma.hss.cmu.edu /home/miller/temp/homework04/3/pics_pict headwind
2004.07.21 08:19 B C:\Documents and Settings\John Miller\Desktop\homework04\3\pics_pict\headwind_quad --> acoma.hss.cmu.edu /home/miller/temp/homework04/3/pics_pict headwind_quad
2004.07.21 08:20 B C:\Documents and Settings\John Miller\Desktop\homework04\3\pics_pict\leader --> acoma.hss.cmu.edu /home/miller/temp/homework04/3/pics_pict leader
2004.07.21 08:20 B C:\Documents and Settings\John Miller\Desktop\homework04\3\pics_pict\leader_quad --> acoma.hss.cmu.edu /home/miller/temp/homework04/3/pics_pict leader_quad
2004.07.21 08:20 B C:\Documents and Settings\John Miller\Desktop\homework04\3\pics_pict\overtake --> acoma.hss.cmu.edu /home/miller/temp/homework04/3/pics_pict overtake
2004.07.21 08:20 B C:\Documents and Settings\John Miller\Desktop\homework04\3\pics_pict\overtake_quad --> acoma.hss.cmu.edu /home/miller/temp/homework04/3/pics_pict overtake_quad
2004.07.21 08:20 B C:\Documents and Settings\John Miller\Desktop\homework04\3\pics_pict\tailwind --> acoma.hss.cmu.edu /home/miller/temp/homework04/3/pics_pict tailwind
2004.07.21 08:20 B C:\Documents and Settings\John Miller\Desktop\homework04\3\pics_pict\tailwind_quad --> acoma.hss.cmu.edu /home/miller/temp/homework04/3/pics_pict tailwind_quad
2004.07.21 08:20 B C:\Documents and Settings\John Miller\Desktop\homework04\3\pics_pict\variablewind --> acoma.hss.cmu.edu /home/miller/temp/homework04/3/pics_pict variablewind
2004.07.21 08:20 B C:\Documents and Settings\John Miller\Desktop\homework04\3\pics_pict\variablewind_conditions --> acoma.hss.cmu.edu /home/miller/temp/homework04/3/pics_pict variablewind_conditions
2004.07.21 08:20 B C:\Documents and Settings\John Miller\Desktop\homework04\3\pics_pict\variablewind_quad --> acoma.hss.cmu.edu /home/miller/temp/homework04/3/pics_pict variablewind_quad
2004.07.21 08:34 B C:\Documents and Settings\John Miller\Desktop\homework04\3\pics_pict\._.DS_Store --> acoma.hss.cmu.edu /home/miller/temp/homework04/3/pics_pict ._.DS_Store
2004.07.21 08:34 B C:\Documents and Settings\John Miller\Desktop\homework04\3\pics_pict\._baseline --> acoma.hss.cmu.edu /home/miller/temp/homework04/3/pics_pict ._baseline
2004.07.21 08:34 B C:\Documents and Settings\John Miller\Desktop\homework04\3\pics_pict\._baseline_quad --> acoma.hss.cmu.edu /home/miller/temp/homework04/3/pics_pict ._baseline_quad
2004.07.21 08:34 B C:\Documents and Settings\John Miller\Desktop\homework04\3\pics_pict\._headwind --> acoma.hss.cmu.edu /home/miller/temp/homework04/3/pics_pict ._headwind
2004.07.21 08:34 B C:\Documents and Settings\John Miller\Desktop\homework04\3\pics_pict\._headwind_quad --> acoma.hss.cmu.edu /home/miller/temp/homework04/3/pics_pict ._headwind_quad
2004.07.21 08:34 B C:\Documents and Settings\John Miller\Desktop\homework04\3\pics_pict\._leader --> acoma.hss.cmu.edu /home/miller/temp/homework04/3/pics_pict ._leader
2004.07.21 08:34 B C:\Documents and Settings\John Miller\Desktop\homework04\3\pics_pict\._leader_quad --> acoma.hss.cmu.edu /home/miller/temp/homework04/3/pics_pict ._leader_quad
2004.07.21 08:34 B C:\Documents and Settings\John Miller\Desktop\homework04\3\pics_pict\._overtake --> acoma.hss.cmu.edu /home/miller/temp/homework04/3/pics_pict ._overtake
2004.07.21 08:34 B C:\Documents and Settings\John Miller\Desktop\homework04\3\pics_pict\._overtake_quad --> acoma.hss.cmu.edu /home/miller/temp/homework04/3/pics_pict ._overtake_quad
2004.07.21 08:34 B C:\Documents and Settings\John Miller\Desktop\homework04\3\pics_pict\._tailwind --> acoma.hss.cmu.edu /home/miller/temp/homework04/3/pics_pict ._tailwind
2004.07.21 08:34 B C:\Documents and Settings\John Miller\Desktop\homework04\3\pics_pict\._tailwind_quad --> acoma.hss.cmu.edu /home/miller/temp/homework04/3/pics_pict ._tailwind_quad
2004.07.21 08:34 B C:\Documents and Settings\John Miller\Desktop\homework04\3\pics_pict\._variablewind --> acoma.hss.cmu.edu /home/miller/temp/homework04/3/pics_pict ._variablewind
2004.07.21 08:34 B C:\Documents and Settings\John Miller\Desktop\homework04\3\pics_pict\._variablewind_conditions --> acoma.hss.cmu.edu /home/miller/temp/homework04/3/pics_pict ._variablewind_conditions
2004.07.21 08:34 B C:\Documents and Settings\John Miller\Desktop\homework04\3\pics_pict\._variablewind_quad --> acoma.hss.cmu.edu /home/miller/temp/homework04/3/pics_pict ._variablewind_quad
2004.07.21 08:34 B C:\Documents and Settings\John Miller\Desktop\homework04\3\pics_pict\.DS_Store --> acoma.hss.cmu.edu /home/miller/temp/homework04/3/pics_pict .DS_Store
