2004.07.21 08:17 B C:\Documents and Settings\John Miller\Desktop\homework04\1\presentation_files\buttons.gif --> acoma.hss.cmu.edu /home/miller/temp/homework04/1/presentation_files buttons.gif
2004.07.21 08:17 B C:\Documents and Settings\John Miller\Desktop\homework04\1\presentation_files\editdata.mso --> acoma.hss.cmu.edu /home/miller/temp/homework04/1/presentation_files editdata.mso
2004.07.21 08:17 B C:\Documents and Settings\John Miller\Desktop\homework04\1\presentation_files\error.htm --> acoma.hss.cmu.edu /home/miller/temp/homework04/1/presentation_files error.htm
2004.07.21 08:17 B C:\Documents and Settings\John Miller\Desktop\homework04\1\presentation_files\filelist.xml --> acoma.hss.cmu.edu /home/miller/temp/homework04/1/presentation_files filelist.xml
2004.07.21 08:17 B C:\Documents and Settings\John Miller\Desktop\homework04\1\presentation_files\frame.htm --> acoma.hss.cmu.edu /home/miller/temp/homework04/1/presentation_files frame.htm
2004.07.21 08:17 B C:\Documents and Settings\John Miller\Desktop\homework04\1\presentation_files\fullscreen.htm --> acoma.hss.cmu.edu /home/miller/temp/homework04/1/presentation_files fullscreen.htm
2004.07.21 08:17 B C:\Documents and Settings\John Miller\Desktop\homework04\1\presentation_files\master04.htm --> acoma.hss.cmu.edu /home/miller/temp/homework04/1/presentation_files master04.htm
2004.07.21 08:17 B C:\Documents and Settings\John Miller\Desktop\homework04\1\presentation_files\master04.xml --> acoma.hss.cmu.edu /home/miller/temp/homework04/1/presentation_files master04.xml
2004.07.21 08:17 B C:\Documents and Settings\John Miller\Desktop\homework04\1\presentation_files\master04_background.gif --> acoma.hss.cmu.edu /home/miller/temp/homework04/1/presentation_files master04_background.gif
2004.07.21 08:17 B C:\Documents and Settings\John Miller\Desktop\homework04\1\presentation_files\master04_image001.gif --> acoma.hss.cmu.edu /home/miller/temp/homework04/1/presentation_files master04_image001.gif
2004.07.21 08:17 B C:\Documents and Settings\John Miller\Desktop\homework04\1\presentation_files\master04_image005.gif --> acoma.hss.cmu.edu /home/miller/temp/homework04/1/presentation_files master04_image005.gif
2004.07.21 08:17 B C:\Documents and Settings\John Miller\Desktop\homework04\1\presentation_files\master04_stylesheet.css --> acoma.hss.cmu.edu /home/miller/temp/homework04/1/presentation_files master04_stylesheet.css
2004.07.21 08:17 B C:\Documents and Settings\John Miller\Desktop\homework04\1\presentation_files\master05.htm --> acoma.hss.cmu.edu /home/miller/temp/homework04/1/presentation_files master05.htm
2004.07.21 08:17 B C:\Documents and Settings\John Miller\Desktop\homework04\1\presentation_files\master05.xml --> acoma.hss.cmu.edu /home/miller/temp/homework04/1/presentation_files master05.xml
2004.07.21 08:17 B C:\Documents and Settings\John Miller\Desktop\homework04\1\presentation_files\master05_background.gif --> acoma.hss.cmu.edu /home/miller/temp/homework04/1/presentation_files master05_background.gif
2004.07.21 08:17 B C:\Documents and Settings\John Miller\Desktop\homework04\1\presentation_files\master05_image002.gif --> acoma.hss.cmu.edu /home/miller/temp/homework04/1/presentation_files master05_image002.gif
2004.07.21 08:18 B C:\Documents and Settings\John Miller\Desktop\homework04\1\presentation_files\outline.htm --> acoma.hss.cmu.edu /home/miller/temp/homework04/1/presentation_files outline.htm
2004.07.21 08:18 B C:\Documents and Settings\John Miller\Desktop\homework04\1\presentation_files\pres.xml --> acoma.hss.cmu.edu /home/miller/temp/homework04/1/presentation_files pres.xml
2004.07.21 08:18 B C:\Documents and Settings\John Miller\Desktop\homework04\1\presentation_files\preview.wmf --> acoma.hss.cmu.edu /home/miller/temp/homework04/1/presentation_files preview.wmf
2004.07.21 08:18 B C:\Documents and Settings\John Miller\Desktop\homework04\1\presentation_files\script.js --> acoma.hss.cmu.edu /home/miller/temp/homework04/1/presentation_files script.js
2004.07.21 08:18 B C:\Documents and Settings\John Miller\Desktop\homework04\1\presentation_files\slide0003.htm --> acoma.hss.cmu.edu /home/miller/temp/homework04/1/presentation_files slide0003.htm
2004.07.21 08:18 B C:\Documents and Settings\John Miller\Desktop\homework04\1\presentation_files\slide0004.htm --> acoma.hss.cmu.edu /home/miller/temp/homework04/1/presentation_files slide0004.htm
2004.07.21 08:18 B C:\Documents and Settings\John Miller\Desktop\homework04\1\presentation_files\slide0004_image006.png --> acoma.hss.cmu.edu /home/miller/temp/homework04/1/presentation_files slide0004_image006.png
2004.07.21 08:18 B C:\Documents and Settings\John Miller\Desktop\homework04\1\presentation_files\slide0004_image007.jpg --> acoma.hss.cmu.edu /home/miller/temp/homework04/1/presentation_files slide0004_image007.jpg
2004.07.21 08:18 B C:\Documents and Settings\John Miller\Desktop\homework04\1\presentation_files\slide0004_image008.png --> acoma.hss.cmu.edu /home/miller/temp/homework04/1/presentation_files slide0004_image008.png
2004.07.21 08:18 B C:\Documents and Settings\John Miller\Desktop\homework04\1\presentation_files\slide0004_image009.gif --> acoma.hss.cmu.edu /home/miller/temp/homework04/1/presentation_files slide0004_image009.gif
2004.07.21 08:18 B C:\Documents and Settings\John Miller\Desktop\homework04\1\presentation_files\slide0005.htm --> acoma.hss.cmu.edu /home/miller/temp/homework04/1/presentation_files slide0005.htm
2004.07.21 08:18 B C:\Documents and Settings\John Miller\Desktop\homework04\1\presentation_files\slide0006.htm --> acoma.hss.cmu.edu /home/miller/temp/homework04/1/presentation_files slide0006.htm
2004.07.21 08:18 B C:\Documents and Settings\John Miller\Desktop\homework04\1\presentation_files\slide0006_image010.png --> acoma.hss.cmu.edu /home/miller/temp/homework04/1/presentation_files slide0006_image010.png
2004.07.21 08:18 B C:\Documents and Settings\John Miller\Desktop\homework04\1\presentation_files\slide0006_image011.jpg --> acoma.hss.cmu.edu /home/miller/temp/homework04/1/presentation_files slide0006_image011.jpg
2004.07.21 08:18 B C:\Documents and Settings\John Miller\Desktop\homework04\1\presentation_files\slide0006_image012.png --> acoma.hss.cmu.edu /home/miller/temp/homework04/1/presentation_files slide0006_image012.png
2004.07.21 08:18 B C:\Documents and Settings\John Miller\Desktop\homework04\1\presentation_files\slide0006_image013.jpg --> acoma.hss.cmu.edu /home/miller/temp/homework04/1/presentation_files slide0006_image013.jpg
2004.07.21 08:18 B C:\Documents and Settings\John Miller\Desktop\homework04\1\presentation_files\slide0007.htm --> acoma.hss.cmu.edu /home/miller/temp/homework04/1/presentation_files slide0007.htm
2004.07.21 08:18 B C:\Documents and Settings\John Miller\Desktop\homework04\1\presentation_files\slide0007_image014.png --> acoma.hss.cmu.edu /home/miller/temp/homework04/1/presentation_files slide0007_image014.png
2004.07.21 08:18 B C:\Documents and Settings\John Miller\Desktop\homework04\1\presentation_files\slide0007_image015.gif --> acoma.hss.cmu.edu /home/miller/temp/homework04/1/presentation_files slide0007_image015.gif
2004.07.21 08:18 B C:\Documents and Settings\John Miller\Desktop\homework04\1\presentation_files\slide0008.htm --> acoma.hss.cmu.edu /home/miller/temp/homework04/1/presentation_files slide0008.htm
2004.07.21 08:18 B C:\Documents and Settings\John Miller\Desktop\homework04\1\presentation_files\slide0009.htm --> acoma.hss.cmu.edu /home/miller/temp/homework04/1/presentation_files slide0009.htm
2004.07.21 08:18 B C:\Documents and Settings\John Miller\Desktop\homework04\1\presentation_files\slide0010.htm --> acoma.hss.cmu.edu /home/miller/temp/homework04/1/presentation_files slide0010.htm
2004.07.21 08:18 B C:\Documents and Settings\John Miller\Desktop\homework04\1\presentation_files\slide0010_image016.png --> acoma.hss.cmu.edu /home/miller/temp/homework04/1/presentation_files slide0010_image016.png
2004.07.21 08:18 B C:\Documents and Settings\John Miller\Desktop\homework04\1\presentation_files\slide0010_image017.gif --> acoma.hss.cmu.edu /home/miller/temp/homework04/1/presentation_files slide0010_image017.gif
2004.07.21 08:18 B C:\Documents and Settings\John Miller\Desktop\homework04\1\presentation_files\slide0011.htm --> acoma.hss.cmu.edu /home/miller/temp/homework04/1/presentation_files slide0011.htm
2004.07.21 08:18 B C:\Documents and Settings\John Miller\Desktop\homework04\1\presentation_files\slide0012.htm --> acoma.hss.cmu.edu /home/miller/temp/homework04/1/presentation_files slide0012.htm
2004.07.21 08:18 B C:\Documents and Settings\John Miller\Desktop\homework04\1\presentation_files\slide0013.htm --> acoma.hss.cmu.edu /home/miller/temp/homework04/1/presentation_files slide0013.htm
2004.07.21 08:18 B C:\Documents and Settings\John Miller\Desktop\homework04\1\presentation_files\slide0014.htm --> acoma.hss.cmu.edu /home/miller/temp/homework04/1/presentation_files slide0014.htm
2004.07.21 08:18 B C:\Documents and Settings\John Miller\Desktop\homework04\1\presentation_files\slide0015.htm --> acoma.hss.cmu.edu /home/miller/temp/homework04/1/presentation_files slide0015.htm
2004.07.21 08:18 B C:\Documents and Settings\John Miller\Desktop\homework04\1\presentation_files\slide0016.htm --> acoma.hss.cmu.edu /home/miller/temp/homework04/1/presentation_files slide0016.htm
2004.07.21 08:18 B C:\Documents and Settings\John Miller\Desktop\homework04\1\presentation_files\slide0017.htm --> acoma.hss.cmu.edu /home/miller/temp/homework04/1/presentation_files slide0017.htm
2004.07.21 08:18 B C:\Documents and Settings\John Miller\Desktop\homework04\1\presentation_files\slide0017_image003.jpg --> acoma.hss.cmu.edu /home/miller/temp/homework04/1/presentation_files slide0017_image003.jpg
