2004.07.21 08:18 B C:\Documents and Settings\John Miller\Desktop\homework04\3\index_files\pics_gif\._baseline.gif --> acoma.hss.cmu.edu /home/miller/temp/homework04/3/index_files/pics_gif ._baseline.gif
2004.07.21 08:18 B C:\Documents and Settings\John Miller\Desktop\homework04\3\index_files\pics_gif\._baseline_quad.gif --> acoma.hss.cmu.edu /home/miller/temp/homework04/3/index_files/pics_gif ._baseline_quad.gif
2004.07.21 08:18 B C:\Documents and Settings\John Miller\Desktop\homework04\3\index_files\pics_gif\._headwind.gif --> acoma.hss.cmu.edu /home/miller/temp/homework04/3/index_files/pics_gif ._headwind.gif
2004.07.21 08:18 B C:\Documents and Settings\John Miller\Desktop\homework04\3\index_files\pics_gif\._headwind_quad.gif --> acoma.hss.cmu.edu /home/miller/temp/homework04/3/index_files/pics_gif ._headwind_quad.gif
2004.07.21 08:18 B C:\Documents and Settings\John Miller\Desktop\homework04\3\index_files\pics_gif\._leader.gif --> acoma.hss.cmu.edu /home/miller/temp/homework04/3/index_files/pics_gif ._leader.gif
2004.07.21 08:18 B C:\Documents and Settings\John Miller\Desktop\homework04\3\index_files\pics_gif\._leader_quad.gif --> acoma.hss.cmu.edu /home/miller/temp/homework04/3/index_files/pics_gif ._leader_quad.gif
2004.07.21 08:18 B C:\Documents and Settings\John Miller\Desktop\homework04\3\index_files\pics_gif\._overtake.gif --> acoma.hss.cmu.edu /home/miller/temp/homework04/3/index_files/pics_gif ._overtake.gif
2004.07.21 08:18 B C:\Documents and Settings\John Miller\Desktop\homework04\3\index_files\pics_gif\._overtake_quad.gif --> acoma.hss.cmu.edu /home/miller/temp/homework04/3/index_files/pics_gif ._overtake_quad.gif
2004.07.21 08:18 B C:\Documents and Settings\John Miller\Desktop\homework04\3\index_files\pics_gif\._tailwind.gif --> acoma.hss.cmu.edu /home/miller/temp/homework04/3/index_files/pics_gif ._tailwind.gif
2004.07.21 08:18 B C:\Documents and Settings\John Miller\Desktop\homework04\3\index_files\pics_gif\._tailwind_quad.gif --> acoma.hss.cmu.edu /home/miller/temp/homework04/3/index_files/pics_gif ._tailwind_quad.gif
2004.07.21 08:18 B C:\Documents and Settings\John Miller\Desktop\homework04\3\index_files\pics_gif\._variablewind.gif --> acoma.hss.cmu.edu /home/miller/temp/homework04/3/index_files/pics_gif ._variablewind.gif
2004.07.21 08:18 B C:\Documents and Settings\John Miller\Desktop\homework04\3\index_files\pics_gif\._variablewind_conditions.gif --> acoma.hss.cmu.edu /home/miller/temp/homework04/3/index_files/pics_gif ._variablewind_conditions.gif
2004.07.21 08:18 B C:\Documents and Settings\John Miller\Desktop\homework04\3\index_files\pics_gif\._variablewind_quad.gif --> acoma.hss.cmu.edu /home/miller/temp/homework04/3/index_files/pics_gif ._variablewind_quad.gif
2004.07.21 08:18 B C:\Documents and Settings\John Miller\Desktop\homework04\3\index_files\pics_gif\baseline.gif --> acoma.hss.cmu.edu /home/miller/temp/homework04/3/index_files/pics_gif baseline.gif
2004.07.21 08:18 B C:\Documents and Settings\John Miller\Desktop\homework04\3\index_files\pics_gif\baseline_quad.gif --> acoma.hss.cmu.edu /home/miller/temp/homework04/3/index_files/pics_gif baseline_quad.gif
2004.07.21 08:18 B C:\Documents and Settings\John Miller\Desktop\homework04\3\index_files\pics_gif\headwind.gif --> acoma.hss.cmu.edu /home/miller/temp/homework04/3/index_files/pics_gif headwind.gif
2004.07.21 08:18 B C:\Documents and Settings\John Miller\Desktop\homework04\3\index_files\pics_gif\headwind_quad.gif --> acoma.hss.cmu.edu /home/miller/temp/homework04/3/index_files/pics_gif headwind_quad.gif
2004.07.21 08:18 B C:\Documents and Settings\John Miller\Desktop\homework04\3\index_files\pics_gif\leader.gif --> acoma.hss.cmu.edu /home/miller/temp/homework04/3/index_files/pics_gif leader.gif
2004.07.21 08:19 B C:\Documents and Settings\John Miller\Desktop\homework04\3\index_files\pics_gif\leader_quad.gif --> acoma.hss.cmu.edu /home/miller/temp/homework04/3/index_files/pics_gif leader_quad.gif
2004.07.21 08:19 B C:\Documents and Settings\John Miller\Desktop\homework04\3\index_files\pics_gif\overtake.gif --> acoma.hss.cmu.edu /home/miller/temp/homework04/3/index_files/pics_gif overtake.gif
2004.07.21 08:19 B C:\Documents and Settings\John Miller\Desktop\homework04\3\index_files\pics_gif\overtake_quad.gif --> acoma.hss.cmu.edu /home/miller/temp/homework04/3/index_files/pics_gif overtake_quad.gif
2004.07.21 08:19 B C:\Documents and Settings\John Miller\Desktop\homework04\3\index_files\pics_gif\tailwind.gif --> acoma.hss.cmu.edu /home/miller/temp/homework04/3/index_files/pics_gif tailwind.gif
2004.07.21 08:19 B C:\Documents and Settings\John Miller\Desktop\homework04\3\index_files\pics_gif\tailwind_quad.gif --> acoma.hss.cmu.edu /home/miller/temp/homework04/3/index_files/pics_gif tailwind_quad.gif
2004.07.21 08:19 B C:\Documents and Settings\John Miller\Desktop\homework04\3\index_files\pics_gif\variablewind.gif --> acoma.hss.cmu.edu /home/miller/temp/homework04/3/index_files/pics_gif variablewind.gif
2004.07.21 08:19 B C:\Documents and Settings\John Miller\Desktop\homework04\3\index_files\pics_gif\variablewind_conditions.gif --> acoma.hss.cmu.edu /home/miller/temp/homework04/3/index_files/pics_gif variablewind_conditions.gif
2004.07.21 08:19 B C:\Documents and Settings\John Miller\Desktop\homework04\3\index_files\pics_gif\variablewind_quad.gif --> acoma.hss.cmu.edu /home/miller/temp/homework04/3/index_files/pics_gif variablewind_quad.gif
2004.07.21 08:33 B C:\Documents and Settings\John Miller\Desktop\homework04\3\index_files\pics_gif\._baseline.gif --> acoma.hss.cmu.edu /home/miller/temp/homework04/3/index_files/pics_gif ._baseline.gif
2004.07.21 08:33 B C:\Documents and Settings\John Miller\Desktop\homework04\3\index_files\pics_gif\._baseline_quad.gif --> acoma.hss.cmu.edu /home/miller/temp/homework04/3/index_files/pics_gif ._baseline_quad.gif
2004.07.21 08:33 B C:\Documents and Settings\John Miller\Desktop\homework04\3\index_files\pics_gif\._headwind.gif --> acoma.hss.cmu.edu /home/miller/temp/homework04/3/index_files/pics_gif ._headwind.gif
2004.07.21 08:33 B C:\Documents and Settings\John Miller\Desktop\homework04\3\index_files\pics_gif\._headwind_quad.gif --> acoma.hss.cmu.edu /home/miller/temp/homework04/3/index_files/pics_gif ._headwind_quad.gif
2004.07.21 08:33 B C:\Documents and Settings\John Miller\Desktop\homework04\3\index_files\pics_gif\._leader.gif --> acoma.hss.cmu.edu /home/miller/temp/homework04/3/index_files/pics_gif ._leader.gif
2004.07.21 08:33 B C:\Documents and Settings\John Miller\Desktop\homework04\3\index_files\pics_gif\._leader_quad.gif --> acoma.hss.cmu.edu /home/miller/temp/homework04/3/index_files/pics_gif ._leader_quad.gif
2004.07.21 08:33 B C:\Documents and Settings\John Miller\Desktop\homework04\3\index_files\pics_gif\._overtake.gif --> acoma.hss.cmu.edu /home/miller/temp/homework04/3/index_files/pics_gif ._overtake.gif
2004.07.21 08:33 B C:\Documents and Settings\John Miller\Desktop\homework04\3\index_files\pics_gif\._overtake_quad.gif --> acoma.hss.cmu.edu /home/miller/temp/homework04/3/index_files/pics_gif ._overtake_quad.gif
2004.07.21 08:33 B C:\Documents and Settings\John Miller\Desktop\homework04\3\index_files\pics_gif\._tailwind.gif --> acoma.hss.cmu.edu /home/miller/temp/homework04/3/index_files/pics_gif ._tailwind.gif
2004.07.21 08:33 B C:\Documents and Settings\John Miller\Desktop\homework04\3\index_files\pics_gif\._tailwind_quad.gif --> acoma.hss.cmu.edu /home/miller/temp/homework04/3/index_files/pics_gif ._tailwind_quad.gif
2004.07.21 08:33 B C:\Documents and Settings\John Miller\Desktop\homework04\3\index_files\pics_gif\._variablewind.gif --> acoma.hss.cmu.edu /home/miller/temp/homework04/3/index_files/pics_gif ._variablewind.gif
2004.07.21 08:33 B C:\Documents and Settings\John Miller\Desktop\homework04\3\index_files\pics_gif\._variablewind_conditions.gif --> acoma.hss.cmu.edu /home/miller/temp/homework04/3/index_files/pics_gif ._variablewind_conditions.gif
2004.07.21 08:33 B C:\Documents and Settings\John Miller\Desktop\homework04\3\index_files\pics_gif\._variablewind_quad.gif --> acoma.hss.cmu.edu /home/miller/temp/homework04/3/index_files/pics_gif ._variablewind_quad.gif
